#
# A fatal error has been detected by the Java Runtime Environment:
#
#  Internal Error (safepoint.cpp:687), pid=4860, tid=3288
#  fatal error: Deadlock in safepoint code.  Should have called back to the VM before blocking.
#
# JRE version: 7.0_11-b21
# Java VM: Java HotSpot(TM) 64-Bit Server VM (23.6-b04 mixed mode windows-amd64 compressed oops)
# Failed to write core dump. Minidumps are not enabled by default on client versions of Windows
#
# If you would like to submit a bug report, please visit:
#   http://bugreport.sun.com/bugreport/crash.jsp
#

---------------  T H R E A D  ---------------

Current thread (0x0000000033925000):  JavaThread "main" [_thread_in_native_trans, id=3288, stack(0x0000000000030000,0x0000000004030000)]

Stack: [0x0000000000030000,0x0000000004030000]
Java frames: (J=compiled Java code, j=interpreted, Vv=VM code)
j  com.mathworks.jmi.NativeMatlab.SendMatlabMessage(Ljava/lang/Object;)Ljava/lang/Object;+0
j  com.mathworks.jmi.NativeMatlab.sendMatlabMessage(Ljava/lang/Object;)Ljava/lang/Object;+22
j  com.mathworks.jmi.MatlabLooper.sendMatlabMessage(Lcom/mathworks/services/message/MWMessage;)Ljava/lang/Object;+20
j  com.mathworks.jmi.Matlab.mtFevalConsoleOutput(Ljava/lang/String;[Ljava/lang/Object;I)Ljava/lang/Object;+58
j  com.mathworks.jmi.MatlabMCR.mtFevalConsoleOutput(Ljava/lang/String;[Ljava/lang/Object;I)Ljava/lang/Object;+3
j  com.mathworks.timer.MWCallback$callbackEvent.run()V+67
J  com.mathworks.jmi.NativeMatlab.dispatchMTRequests(Z)V
v  ~StubRoutines::call_stub

---------------  P R O C E S S  ---------------

Java Threads: ( => current thread )
  0x00000000be241000 JavaThread "FileDecorationCache request queue" daemon [_thread_blocked, id=2516, stack(0x0000000138d70000,0x000000013cd70000)]
  0x00000001210f3000 JavaThread "Thread-19368" daemon [_thread_in_native, id=4964, stack(0x00000000175b0000,0x000000001b5b0000)]
  0x0000000135a83800 JavaThread "Thread-67" [_thread_blocked, id=3500, stack(0x00000000c3ff0000,0x00000000c7ff0000)]
  0x000000007d71e800 JavaThread "Timer-InstrumentReadWritePoll" [_thread_blocked, id=3712, stack(0x00000000bfff0000,0x00000000c3ff0000)]
  0x0000000068d89800 JavaThread "Code Analyzer updating thread" [_thread_blocked, id=4544, stack(0x000000011c000000,0x0000000120000000)]
  0x0000000068d89000 JavaThread "Code Analyzer updating thread" [_thread_blocked, id=5000, stack(0x0000000118000000,0x000000011c000000)]
  0x0000000068d88000 JavaThread "Code Analyzer updating thread" [_thread_blocked, id=3424, stack(0x0000000114000000,0x0000000118000000)]
  0x0000000068d87800 JavaThread "Code Analyzer updating thread" [_thread_blocked, id=4168, stack(0x0000000110000000,0x0000000114000000)]
  0x0000000068d86800 JavaThread "Code Analyzer updating thread" [_thread_blocked, id=4048, stack(0x000000010c000000,0x0000000110000000)]
  0x000000006661e800 JavaThread "Code Analyzer updating thread" [_thread_blocked, id=4428, stack(0x0000000108000000,0x000000010c000000)]
  0x0000000066621800 JavaThread "Active Reference Queue Daemon" daemon [_thread_blocked, id=208, stack(0x0000000104000000,0x0000000108000000)]
  0x0000000066623000 JavaThread "Timer-1" daemon [_thread_blocked, id=4572, stack(0x0000000100000000,0x0000000104000000)]
  0x0000000066620000 JavaThread "ClipboardMonitor Timer" daemon [_thread_blocked, id=4632, stack(0x00000000dbff0000,0x00000000dfff0000)]
  0x0000000066624800 JavaThread "Explorer NavigationContext request queue" daemon [_thread_blocked, id=2572, stack(0x00000000d7ff0000,0x00000000dbff0000)]
  0x0000000066622800 JavaThread "AddressBar directory emptiness poller" daemon [_thread_blocked, id=2920, stack(0x00000000cfff0000,0x00000000d3ff0000)]
  0x0000000066621000 JavaThread "Explorer Refresh Service 933798" daemon [_thread_blocked, id=4560, stack(0x00000000cbff0000,0x00000000cfff0000)]
  0x000000006661f800 JavaThread "Thread-4" daemon [_thread_blocked, id=2608, stack(0x00000000c7ff0000,0x00000000cbff0000)]
  0x0000000068d83800 JavaThread "TimerQueue" daemon [_thread_blocked, id=5100, stack(0x00000000afff0000,0x00000000b3ff0000)]
  0x000000006661b800 JavaThread "Thread-3" daemon [_thread_blocked, id=4768, stack(0x000000009fff0000,0x00000000a3ff0000)]
  0x000000006661e000 JavaThread "FelixPackageAdmin" daemon [_thread_blocked, id=4396, stack(0x00000000abff0000,0x00000000afff0000)]
  0x000000006661d000 JavaThread "FelixStartLevel" daemon [_thread_blocked, id=3544, stack(0x00000000a7ff0000,0x00000000abff0000)]
  0x000000006661c800 JavaThread "FelixDispatchQueue" daemon [_thread_blocked, id=4844, stack(0x00000000a3ff0000,0x00000000a7ff0000)]
  0x000000006661a800 JavaThread "AWT-EventQueue-0" [_thread_in_native, id=4036, stack(0x000000009bff0000,0x000000009fff0000)]
  0x000000006661a000 JavaThread "com.google.common.base.internal.Finalizer" daemon [_thread_blocked, id=4100, stack(0x0000000097ff0000,0x000000009bff0000)]
  0x0000000066618800 JavaThread "AWT-Windows" daemon [_thread_blocked, id=2344, stack(0x000000008fff0000,0x0000000093ff0000)]
  0x0000000066617800 JavaThread "AWT-Shutdown" [_thread_blocked, id=4672, stack(0x000000008bff0000,0x000000008fff0000)]
  0x0000000066617000 JavaThread "Java2D Disposer" daemon [_thread_blocked, id=624, stack(0x0000000087ff0000,0x000000008bff0000)]
  0x0000000066616000 JavaThread "Timer-0" [_thread_blocked, id=3576, stack(0x0000000083ff0000,0x0000000087ff0000)]
  0x0000000066615800 JavaThread "EventMgr Dispatcher" daemon [_thread_in_native, id=4072, stack(0x000000007fff0000,0x0000000083ff0000)]
  0x000000003482c000 JavaThread "Service Thread" daemon [_thread_blocked, id=4456, stack(0x0000000062370000,0x0000000066370000)]
  0x0000000034812800 JavaThread "C2 CompilerThread1" daemon [_thread_blocked, id=3644, stack(0x000000005e370000,0x0000000062370000)]
  0x0000000034810000 JavaThread "C2 CompilerThread0" daemon [_thread_blocked, id=532, stack(0x000000005a370000,0x000000005e370000)]
  0x000000003396f800 JavaThread "Attach Listener" daemon [_thread_blocked, id=4188, stack(0x0000000056370000,0x000000005a370000)]
  0x00000000347d7000 JavaThread "Finalizer" daemon [_thread_blocked, id=5032, stack(0x0000000052370000,0x0000000056370000)]
  0x00000000347cd000 JavaThread "Reference Handler" daemon [_thread_blocked, id=4084, stack(0x000000004e370000,0x0000000052370000)]
=>0x0000000033925000 JavaThread "main" [_thread_in_native_trans, id=3288, stack(0x0000000000030000,0x0000000004030000)]

Other Threads:
  0x000000003396e000 VMThread [stack: 0x000000004a370000,0x000000004e370000] [id=768]
  0x000000003487d800 WatcherThread [stack: 0x0000000077ad0000,0x000000007bad0000] [id=2632]

VM state:synchronizing (normal execution)

VM Mutex/Monitor currently owned by a thread:  ([mutex/lock_event])
[0x000000003369e6e0] Threads_lock - owner thread: 0x000000003396e000
[0x000000003369ea60] JNIGlobalHandle_lock - owner thread: 0x0000000033925000

Heap
 PSYoungGen      total 94784K, used 30407K [0x00000000fa000000, 0x0000000100000000, 0x0000000100000000)
  eden space 92800K, 30% used [0x00000000fa000000,0x00000000fbbc63c0,0x00000000ffaa0000)
  from space 1984K, 99% used [0x00000000ffaa0000,0x00000000ffc8ba68,0x00000000ffc90000)
  to   space 2816K, 0% used [0x00000000ffd40000,0x00000000ffd40000,0x0000000100000000)
 ParOldGen       total 114880K, used 98703K [0x00000000e8000000, 0x00000000ef030000, 0x00000000fa000000)
  object space 114880K, 85% used [0x00000000e8000000,0x00000000ee063df8,0x00000000ef030000)
 PSPermGen       total 120064K, used 63444K [0x00000000e0000000, 0x00000000e7540000, 0x00000000e8000000)
  object space 120064K, 52% used [0x00000000e0000000,0x00000000e3df50b8,0x00000000e7540000)

Card table byte_map: [0x0000000037de0000,0x0000000037ef0000] byte_map_base: 0x00000000376e0000

Polling page: 0x0000000009900000

Code Cache  [0x0000000034de0000, 0x0000000035850000, 0x0000000037de0000)
 total_blobs=4022 nmethods=3346 adapters=621 free_code_cache=38625Kb largest_free_block=39397312

Compilation events (10 events):
Event: 7198.135 Thread 0x0000000034810000 3723  s          java.beans.ChangeListenerMap::getListeners (206 bytes)
Event: 7198.147 Thread 0x0000000034810000 nmethod 3723 0x0000000035845050 code [0x0000000035845240, 0x0000000035846128]
Event: 7198.180 Thread 0x0000000034812800 3724             sun.util.locale.BaseLocale$Key::<init> (249 bytes)
Event: 7198.185 Thread 0x0000000034812800 nmethod 3724 0x00000000358381d0 code [0x0000000035838340, 0x0000000035838868]
Event: 7302.573 Thread 0x0000000034810000 3725             java.lang.Class::privateGetPublicMethods (263 bytes)
Event: 7302.601 Thread 0x0000000034810000 nmethod 3725 0x0000000035849750 code [0x0000000035849a00, 0x000000003584aa48]
Event: 7306.118 Thread 0x0000000034812800 3726             com.mathworks.widgets.desk.DTNestedLocation::pathToString (126 bytes)
Event: 7306.123 Thread 0x0000000034812800 nmethod 3726 0x0000000035837710 code [0x0000000035837880, 0x0000000035837da8]
Event: 7322.492 Thread 0x0000000034810000 3727             com.mathworks.util.TypeFilter$1::run (82 bytes)
Event: 7322.502 Thread 0x0000000034810000 nmethod 3727 0x000000003584bad0 code [0x000000003584bca0, 0x000000003584c8d0]

GC Heap History (10 events):
Event: 7311.556 GC heap before
{Heap before GC invocations=936 (full 3):
 PSYoungGen      total 95616K, used 94812K [0x00000000fa000000, 0x0000000100000000, 0x0000000100000000)
  eden space 93056K, 100% used [0x00000000fa000000,0x00000000ffae0000,0x00000000ffae0000)
  from space 2560K, 68% used [0x00000000ffd80000,0x00000000fff37398,0x0000000100000000)
  to   space 2624K, 0% used [0x00000000ffae0000,0x00000000ffae0000,0x00000000ffd70000)
 ParOldGen       total 114880K, used 98575K [0x00000000e8000000, 0x00000000ef030000, 0x00000000fa000000)
  object space 114880K, 85% used [0x00000000e8000000,0x00000000ee043e38,0x00000000ef030000)
 PSPermGen       total 120064K, used 63444K [0x00000000e0000000, 0x00000000e7540000, 0x00000000e8000000)
  object space 120064K, 52% used [0x00000000e0000000,0x00000000e3df50b8,0x00000000e7540000)
Event: 7311.562 GC heap after
Heap after GC invocations=936 (full 3):
 PSYoungGen      total 95680K, used 1688K [0x00000000fa000000, 0x0000000100000000, 0x0000000100000000)
  eden space 93056K, 0% used [0x00000000fa000000,0x00000000fa000000,0x00000000ffae0000)
  from space 2624K, 64% used [0x00000000ffae0000,0x00000000ffc86048,0x00000000ffd70000)
  to   space 2624K, 0% used [0x00000000ffd70000,0x00000000ffd70000,0x0000000100000000)
 ParOldGen       total 114880K, used 98599K [0x00000000e8000000, 0x00000000ef030000, 0x00000000fa000000)
  object space 114880K, 85% used [0x00000000e8000000,0x00000000ee049e38,0x00000000ef030000)
 PSPermGen       total 120064K, used 63444K [0x00000000e0000000, 0x00000000e7540000, 0x00000000e8000000)
  object space 120064K, 52% used [0x00000000e0000000,0x00000000e3df50b8,0x00000000e7540000)
}
Event: 7316.572 GC heap before
{Heap before GC invocations=937 (full 3):
 PSYoungGen      total 95680K, used 94744K [0x00000000fa000000, 0x0000000100000000, 0x0000000100000000)
  eden space 93056K, 100% used [0x00000000fa000000,0x00000000ffae0000,0x00000000ffae0000)
  from space 2624K, 64% used [0x00000000ffae0000,0x00000000ffc86048,0x00000000ffd70000)
  to   space 2624K, 0% used [0x00000000ffd70000,0x00000000ffd70000,0x0000000100000000)
 ParOldGen       total 114880K, used 98599K [0x00000000e8000000, 0x00000000ef030000, 0x00000000fa000000)
  object space 114880K, 85% used [0x00000000e8000000,0x00000000ee049e38,0x00000000ef030000)
 PSPermGen       total 120064K, used 63444K [0x00000000e0000000, 0x00000000e7540000, 0x00000000e8000000)
  object space 120064K, 52% used [0x00000000e0000000,0x00000000e3df50b8,0x00000000e7540000)
Event: 7316.576 GC heap after
Heap after GC invocations=937 (full 3):
 PSYoungGen      total 95680K, used 1690K [0x00000000fa000000, 0x0000000100000000, 0x0000000100000000)
  eden space 93056K, 0% used [0x00000000fa000000,0x00000000fa000000,0x00000000ffae0000)
  from space 2624K, 64% used [0x00000000ffd70000,0x00000000fff16a20,0x0000000100000000)
  to   space 2624K, 0% used [0x00000000ffae0000,0x00000000ffae0000,0x00000000ffd70000)
 ParOldGen       total 114880K, used 98615K [0x00000000e8000000, 0x00000000ef030000, 0x00000000fa000000)
  object space 114880K, 85% used [0x00000000e8000000,0x00000000ee04de38,0x00000000ef030000)
 PSPermGen       total 120064K, used 63444K [0x00000000e0000000, 0x00000000e7540000, 0x00000000e8000000)
  object space 120064K, 52% used [0x00000000e0000000,0x00000000e3df50b8,0x00000000e7540000)
}
Event: 7321.132 GC heap before
{Heap before GC invocations=938 (full 3):
 PSYoungGen      total 95680K, used 94746K [0x00000000fa000000, 0x0000000100000000, 0x0000000100000000)
  eden space 93056K, 100% used [0x00000000fa000000,0x00000000ffae0000,0x00000000ffae0000)
  from space 2624K, 64% used [0x00000000ffd70000,0x00000000fff16a20,0x0000000100000000)
  to   space 2624K, 0% used [0x00000000ffae0000,0x00000000ffae0000,0x00000000ffd70000)
 ParOldGen       total 114880K, used 98615K [0x00000000e8000000, 0x00000000ef030000, 0x00000000fa000000)
  object space 114880K, 85% used [0x00000000e8000000,0x00000000ee04de38,0x00000000ef030000)
 PSPermGen       total 120064K, used 63444K [0x00000000e0000000, 0x00000000e7540000, 0x00000000e8000000)
  object space 120064K, 52% used [0x00000000e0000000,0x00000000e3df50b8,0x00000000e7540000)
Event: 7321.137 GC heap after
Heap after GC invocations=938 (full 3):
 PSYoungGen      total 94976K, used 1868K [0x00000000fa000000, 0x0000000100000000, 0x0000000100000000)
  eden space 93056K, 0% used [0x00000000fa000000,0x00000000fa000000,0x00000000ffae0000)
  from space 1920K, 97% used [0x00000000ffae0000,0x00000000ffcb31f0,0x00000000ffcc0000)
  to   space 2688K, 0% used [0x00000000ffd60000,0x00000000ffd60000,0x0000000100000000)
 ParOldGen       total 114880K, used 98639K [0x00000000e8000000, 0x00000000ef030000, 0x00000000fa000000)
  object space 114880K, 85% used [0x00000000e8000000,0x00000000ee053e38,0x00000000ef030000)
 PSPermGen       total 120064K, used 63444K [0x00000000e0000000, 0x00000000e7540000, 0x00000000e8000000)
  object space 120064K, 52% used [0x00000000e0000000,0x00000000e3df50b8,0x00000000e7540000)
}
Event: 7325.802 GC heap before
{Heap before GC invocations=939 (full 3):
 PSYoungGen      total 94976K, used 94924K [0x00000000fa000000, 0x0000000100000000, 0x0000000100000000)
  eden space 93056K, 100% used [0x00000000fa000000,0x00000000ffae0000,0x00000000ffae0000)
  from space 1920K, 97% used [0x00000000ffae0000,0x00000000ffcb31f0,0x00000000ffcc0000)
  to   space 2688K, 0% used [0x00000000ffd60000,0x00000000ffd60000,0x0000000100000000)
 ParOldGen       total 114880K, used 98640K [0x00000000e8000000, 0x00000000ef030000, 0x00000000fa000000)
  object space 114880K, 85% used [0x00000000e8000000,0x00000000ee0543e8,0x00000000ef030000)
 PSPermGen       total 120064K, used 63444K [0x00000000e0000000, 0x00000000e7540000, 0x00000000e8000000)
  object space 120064K, 52% used [0x00000000e0000000,0x00000000e3df50b8,0x00000000e7540000)
Event: 7325.807 GC heap after
Heap after GC invocations=939 (full 3):
 PSYoungGen      total 95488K, used 1881K [0x00000000fa000000, 0x0000000100000000, 0x0000000100000000)
  eden space 92800K, 0% used [0x00000000fa000000,0x00000000fa000000,0x00000000ffaa0000)
  from space 2688K, 69% used [0x00000000ffd60000,0x00000000fff365b8,0x0000000100000000)
  to   space 2752K, 0% used [0x00000000ffaa0000,0x00000000ffaa0000,0x00000000ffd50000)
 ParOldGen       total 114880K, used 98664K [0x00000000e8000000, 0x00000000ef030000, 0x00000000fa000000)
  object space 114880K, 85% used [0x00000000e8000000,0x00000000ee05a3e8,0x00000000ef030000)
 PSPermGen       total 120064K, used 63444K [0x00000000e0000000, 0x00000000e7540000, 0x00000000e8000000)
  object space 120064K, 52% used [0x00000000e0000000,0x00000000e3df50b8,0x00000000e7540000)
}
Event: 7330.934 GC heap before
{Heap before GC invocations=940 (full 3):
 PSYoungGen      total 95488K, used 94681K [0x00000000fa000000, 0x0000000100000000, 0x0000000100000000)
  eden space 92800K, 100% used [0x00000000fa000000,0x00000000ffaa0000,0x00000000ffaa0000)
  from space 2688K, 69% used [0x00000000ffd60000,0x00000000fff365b8,0x0000000100000000)
  to   space 2752K, 0% used [0x00000000ffaa0000,0x00000000ffaa0000,0x00000000ffd50000)
 ParOldGen       total 114880K, used 98671K [0x00000000e8000000, 0x00000000ef030000, 0x00000000fa000000)
  object space 114880K, 85% used [0x00000000e8000000,0x00000000ee05bdf8,0x00000000ef030000)
 PSPermGen       total 120064K, used 63444K [0x00000000e0000000, 0x00000000e7540000, 0x00000000e8000000)
  object space 120064K, 52% used [0x00000000e0000000,0x00000000e3df50b8,0x00000000e7540000)
Event: 7330.938 GC heap after
Heap after GC invocations=940 (full 3):
 PSYoungGen      total 94784K, used 1966K [0x00000000fa000000, 0x0000000100000000, 0x0000000100000000)
  eden space 92800K, 0% used [0x00000000fa000000,0x00000000fa000000,0x00000000ffaa0000)
  from space 1984K, 99% used [0x00000000ffaa0000,0x00000000ffc8ba68,0x00000000ffc90000)
  to   space 2816K, 0% used [0x00000000ffd40000,0x00000000ffd40000,0x0000000100000000)
 ParOldGen       total 114880K, used 98703K [0x00000000e8000000, 0x00000000ef030000, 0x00000000fa000000)
  object space 114880K, 85% used [0x00000000e8000000,0x00000000ee063df8,0x00000000ef030000)
 PSPermGen       total 120064K, used 63444K [0x00000000e0000000, 0x00000000e7540000, 0x00000000e8000000)
  object space 120064K, 52% used [0x00000000e0000000,0x00000000e3df50b8,0x00000000e7540000)
}

Deoptimization events (10 events):
Event: 5045.705 Thread 0x000000006661a800 Uncommon trap -58 fr.pc 0x000000003555e0c0
Event: 5060.406 Thread 0x000000006661a800 Uncommon trap -34 fr.pc 0x00000000352f6998
Event: 5060.407 Thread 0x000000006661a800 Uncommon trap -34 fr.pc 0x0000000035609588
Event: 5060.407 Thread 0x000000006661a800 Uncommon trap -34 fr.pc 0x0000000035609588
Event: 5060.407 Thread 0x000000006661a800 Uncommon trap -34 fr.pc 0x00000000352f6998
Event: 5060.407 Thread 0x000000006661a800 Uncommon trap -83 fr.pc 0x00000000355d816c
Event: 5060.439 Thread 0x000000006661a800 Uncommon trap -83 fr.pc 0x000000003579c67c
Event: 7127.187 Thread 0x000000006661a800 Uncommon trap -34 fr.pc 0x0000000035609588
Event: 7127.199 Thread 0x000000006661a800 Uncommon trap -34 fr.pc 0x0000000035609588
Event: 7288.384 Thread 0x000000006661a800 Uncommon trap -12 fr.pc 0x0000000035322638

Internal exceptions (10 events):
Event: 7331.745 Thread 0x0000000033925000 Threw 0x00000000fab0e6c8 at C:\jdk7u1_64p\jdk7u11\hotspot\src\share\vm\prims\jvm.cpp:1166
Event: 7331.745 Thread 0x0000000033925000 Threw 0x00000000fab0eb70 at C:\jdk7u1_64p\jdk7u11\hotspot\src\share\vm\prims\jvm.cpp:1166
Event: 7331.746 Thread 0x0000000033925000 Threw 0x00000000fab2f8f8 at C:\jdk7u1_64p\jdk7u11\hotspot\src\share\vm\prims\jvm.cpp:1166
Event: 7331.957 Thread 0x0000000135a83800 Threw 0x00000000fa2434f8 at C:\jdk7u1_64p\jdk7u11\hotspot\src\share\vm\prims\jvm.cpp:2888
Event: 7332.397 Thread 0x0000000033925000 Threw 0x00000000fb6ae468 at C:\jdk7u1_64p\jdk7u11\hotspot\src\share\vm\prims\jvm.cpp:1166
Event: 7332.398 Thread 0x0000000033925000 Threw 0x00000000fb6cf1f0 at C:\jdk7u1_64p\jdk7u11\hotspot\src\share\vm\prims\jvm.cpp:1166
Event: 7332.398 Thread 0x0000000033925000 Threw 0x00000000fb6cf570 at C:\jdk7u1_64p\jdk7u11\hotspot\src\share\vm\prims\jvm.cpp:1166
Event: 7332.398 Thread 0x0000000033925000 Threw 0x00000000fb6f02f8 at C:\jdk7u1_64p\jdk7u11\hotspot\src\share\vm\prims\jvm.cpp:1166
Event: 7332.398 Thread 0x0000000033925000 Threw 0x00000000fb6f07a0 at C:\jdk7u1_64p\jdk7u11\hotspot\src\share\vm\prims\jvm.cpp:1166
Event: 7332.398 Thread 0x0000000033925000 Threw 0x00000000fba02a20 at C:\jdk7u1_64p\jdk7u11\hotspot\src\share\vm\prims\jvm.cpp:1166

Events (10 events):
Event: 7332.228 Thread 0x000000007d864000 Thread exited: 0x000000007d864000
Event: 7332.233 Thread 0x000000007d864000 Thread added: 0x000000007d864000
Event: 7332.244 Thread 0x000000007d864000 Thread exited: 0x000000007d864000
Event: 7332.397 loading class 0x0000000034ae3bd0
Event: 7332.397 loading class 0x0000000034ae3bd0 done
Event: 7332.398 loading class 0x0000000034ae3bd0
Event: 7332.398 loading class 0x0000000034ae3bd0 done
Event: 7332.398 loading class 0x0000000034ae3bd0
Event: 7332.398 loading class 0x0000000034ae3bd0 done
Event: 7338.800 Executing VM operation: RevokeBias


Dynamic libraries:
0x0000000140000000 - 0x0000000140029000 	C:\Program Files\MATLAB\R2013b\bin\win64\matlab.exe
0x0000000077900000 - 0x0000000077aaa000 	C:\windows\SYSTEM32\ntdll.dll
0x0000000077360000 - 0x000000007747f000 	C:\windows\system32\kernel32.dll
0x000007fefded0000 - 0x000007fefdf3c000 	C:\windows\system32\KERNELBASE.dll
0x000000006f060000 - 0x000000006f3dc000 	C:\Program Files\MATLAB\R2013b\bin\win64\libmwservices.dll
0x000000006fe80000 - 0x000000006ff56000 	C:\Program Files\MATLAB\R2013b\bin\win64\libmwi18n.dll
0x000000006fe70000 - 0x000000006fe7d000 	C:\Program Files\MATLAB\R2013b\bin\win64\libmwresource_core.dll
0x0000000075020000 - 0x00000000750b8000 	C:\Program Files\MATLAB\R2013b\bin\win64\MSVCP100.dll
0x0000000074f40000 - 0x0000000075012000 	C:\Program Files\MATLAB\R2013b\bin\win64\MSVCR100.dll
0x0000000075150000 - 0x000000007515e000 	C:\Program Files\MATLAB\R2013b\bin\win64\boost_date_time-vc100-mt-1_49.dll
0x0000000075120000 - 0x000000007514c000 	C:\Program Files\MATLAB\R2013b\bin\win64\boost_filesystem-vc100-mt-1_49.dll
0x0000000075110000 - 0x0000000075119000 	C:\Program Files\MATLAB\R2013b\bin\win64\boost_system-vc100-mt-1_49.dll
0x000007feffa20000 - 0x000007feffafb000 	C:\windows\system32\ADVAPI32.dll
0x000007fefe470000 - 0x000007fefe50f000 	C:\windows\system32\msvcrt.dll
0x000007fefe510000 - 0x000007fefe52f000 	C:\windows\SYSTEM32\sechost.dll
0x000007feff5f0000 - 0x000007feff71d000 	C:\windows\system32\RPCRT4.dll
0x00000000750e0000 - 0x0000000075105000 	C:\Program Files\MATLAB\R2013b\bin\win64\LIBEXPAT.dll
0x0000000073420000 - 0x00000000735aa000 	C:\Program Files\MATLAB\R2013b\bin\win64\icuin49.dll
0x0000000074e00000 - 0x0000000074f3e000 	C:\Program Files\MATLAB\R2013b\bin\win64\icuuc49.dll
0x0000000004280000 - 0x00000000053a2000 	C:\Program Files\MATLAB\R2013b\bin\win64\icudt49.dll
0x00000000750d0000 - 0x00000000750e0000 	C:\Program Files\MATLAB\R2013b\bin\win64\icuio49.dll
0x00000000053b0000 - 0x000000000546b000 	C:\Program Files\MATLAB\R2013b\bin\win64\libut.dll
0x000000006f960000 - 0x000000006fb07000 	C:\Program Files\MATLAB\R2013b\bin\win64\libmwfl.dll
0x0000000005470000 - 0x000000000587f000 	C:\Program Files\MATLAB\R2013b\bin\win64\libmwMATLAB_res.dll
0x0000000073660000 - 0x000000007373f000 	C:\Program Files\MATLAB\R2013b\bin\win64\boost_regex-vc100-mt-1_49.dll
0x00000000776a0000 - 0x000000007779a000 	C:\windows\system32\USER32.dll
0x000007fefe400000 - 0x000007fefe467000 	C:\windows\system32\GDI32.dll
0x000007feff980000 - 0x000007feff98e000 	C:\windows\system32\LPK.dll
0x000007fefe1b0000 - 0x000007fefe279000 	C:\windows\system32\USP10.dll
0x0000000074de0000 - 0x0000000074df1000 	C:\Program Files\MATLAB\R2013b\bin\win64\boost_signals-vc100-mt-1_49.dll
0x0000000073640000 - 0x0000000073651000 	C:\Program Files\MATLAB\R2013b\bin\win64\boost_thread-vc100-mt-1_49.dll
0x00000000735b0000 - 0x000000007363c000 	C:\Program Files\MATLAB\R2013b\bin\win64\boost_log-vc100-mt-1_49.dll
0x0000000077ac0000 - 0x0000000077ac7000 	C:\windows\system32\PSAPI.DLL
0x000007feff9d0000 - 0x000007feffa1d000 	C:\windows\system32\WS2_32.dll
0x000007feff9c0000 - 0x000007feff9c8000 	C:\windows\system32\NSI.dll
0x000007fefb3e0000 - 0x000007fefb413000 	C:\Program Files\MATLAB\R2013b\bin\win64\tbb.dll
0x000007feff960000 - 0x000007feff979000 	C:\windows\system32\imagehlp.dll
0x000007fefcaa0000 - 0x000007fefcacc000 	C:\windows\system32\POWRPROF.dll
0x000007feff720000 - 0x000007feff8f7000 	C:\windows\system32\SETUPAPI.dll
0x000007fefe0b0000 - 0x000007fefe0e6000 	C:\windows\system32\CFGMGR32.dll
0x000007fefe280000 - 0x000007fefe357000 	C:\windows\system32\OLEAUT32.dll
0x000007feff360000 - 0x000007feff563000 	C:\windows\system32\ole32.dll
0x000007fefdeb0000 - 0x000007fefdeca000 	C:\windows\system32\DEVOBJ.dll
0x0000000005880000 - 0x000000000597b000 	C:\Program Files\MATLAB\R2013b\bin\win64\libmx.dll
0x000007fefb500000 - 0x000007fefb528000 	C:\Program Files\MATLAB\R2013b\bin\win64\tbbmalloc.dll
0x00000000733e0000 - 0x00000000733f7000 	C:\Program Files\MATLAB\R2013b\bin\win64\zlib1.dll
0x000000006ef00000 - 0x000000006ef4e000 	C:\Program Files\MATLAB\R2013b\bin\win64\libmwregexp.dll
0x000000006eeb0000 - 0x000000006eef7000 	C:\Program Files\MATLAB\R2013b\bin\win64\mpath.dll
0x0000000005980000 - 0x0000000005fa8000 	C:\Program Files\MATLAB\R2013b\bin\win64\mlutil.dll
0x000000006e870000 - 0x000000006e8e7000 	C:\Program Files\MATLAB\R2013b\bin\win64\xmlcore.dll
0x0000000071c30000 - 0x0000000071e71000 	C:\Program Files\MATLAB\R2013b\bin\win64\xerces-c_2_7.dll
0x000000006e5f0000 - 0x000000006e613000 	C:\Program Files\MATLAB\R2013b\bin\win64\libmwMATLAB_settings_res.dll
0x00000000750c0000 - 0x00000000750d0000 	C:\Program Files\MATLAB\R2013b\bin\win64\boost_iostreams-vc100-mt-1_49.dll
0x00000000729b0000 - 0x00000000729f6000 	C:\Program Files\MATLAB\R2013b\bin\win64\boost_serialization-vc100-mt-1_49.dll
0x000007fefe5d0000 - 0x000007feff359000 	C:\windows\system32\SHELL32.dll
0x000007feff570000 - 0x000007feff5e1000 	C:\windows\system32\SHLWAPI.dll
0x000000006e580000 - 0x000000006e586000 	C:\Program Files\MATLAB\R2013b\bin\win64\libmwnativedisplay.dll
0x00000000685f0000 - 0x000000006863d000 	C:\Program Files\MATLAB\R2013b\bin\win64\opccore.dll
0x00000000684f0000 - 0x00000000685c6000 	C:\Program Files\MATLAB\R2013b\bin\win64\opcmodel.dll
0x00000000684c0000 - 0x00000000684ed000 	C:\Program Files\MATLAB\R2013b\bin\win64\opczippackage.dll
0x0000000073410000 - 0x000000007341e000 	C:\Program Files\MATLAB\R2013b\bin\win64\libminizip.dll
0x0000000068340000 - 0x00000000683a6000 	C:\Program Files\MATLAB\R2013b\bin\win64\opcmwservices.dll
0x000007fef98e0000 - 0x000007fef9980000 	C:\windows\WinSxS\amd64_microsoft.windows.common-controls_6595b64144ccf1df_5.82.7601.18201_none_a4d3b9377117c3df\COMCTL32.dll
0x000007fefe360000 - 0x000007fefe3f7000 	C:\windows\system32\COMDLG32.dll
0x000007fefb200000 - 0x000007fefb216000 	C:\windows\system32\NETAPI32.dll
0x000007fefd200000 - 0x000007fefd20c000 	C:\windows\system32\netutils.dll
0x000007fefd800000 - 0x000007fefd823000 	C:\windows\system32\srvcli.dll
0x000007fefb1e0000 - 0x000007fefb1f5000 	C:\windows\system32\wkscli.dll
0x000000006e4d0000 - 0x000000006e57d000 	C:\Program Files\MATLAB\R2013b\bin\win64\mcr.dll
0x000000006e110000 - 0x000000006e4d0000 	C:\Program Files\MATLAB\R2013b\bin\win64\iqm.dll
0x0000000180000000 - 0x00000001800c2000 	C:\Program Files\MATLAB\R2013b\bin\win64\m_dispatcher.dll
0x0000000005fb0000 - 0x00000000067ab000 	C:\Program Files\MATLAB\R2013b\bin\win64\m_interpreter.dll
0x000000006d760000 - 0x000000006d784000 	C:\Program Files\MATLAB\R2013b\bin\win64\libmex.dll
0x000000006d6e0000 - 0x000000006d75b000 	C:\Program Files\MATLAB\R2013b\bin\win64\profiler.dll
0x000000006d450000 - 0x000000006d5c8000 	C:\Program Files\MATLAB\R2013b\bin\win64\libmwmathutil.dll
0x000000006d420000 - 0x000000006d447000 	C:\Program Files\MATLAB\R2013b\bin\win64\libmwmathrng.dll
0x000000006d410000 - 0x000000006d420000 	C:\Program Files\MATLAB\R2013b\bin\win64\libmwmfl_rng.dll
0x00000000067b0000 - 0x00000000068c8000 	C:\Program Files\MATLAB\R2013b\bin\win64\libmwmathcore.dll
0x000000006d2b0000 - 0x000000006d313000 	C:\Program Files\MATLAB\R2013b\bin\win64\libmwspmatrix.dll
0x00000000068d0000 - 0x0000000006b32000 	C:\Program Files\MATLAB\R2013b\bin\win64\mcos.dll
0x000000006cfc0000 - 0x000000006d01c000 	C:\Program Files\MATLAB\R2013b\bin\win64\libmwcholmod.dll
0x000000006cfb0000 - 0x000000006cfbc000 	C:\Program Files\MATLAB\R2013b\bin\win64\libmwamd.dll
0x000000006cfa0000 - 0x000000006cfab000 	C:\Program Files\MATLAB\R2013b\bin\win64\libmwcolamd.dll
0x000000006cf80000 - 0x000000006cf93000 	C:\Program Files\MATLAB\R2013b\bin\win64\libmwblas.dll
0x000000006cf60000 - 0x000000006cf75000 	C:\Program Files\MATLAB\R2013b\bin\win64\libmwbinder.dll
0x000000006cf50000 - 0x000000006cf5b000 	C:\Program Files\MATLAB\R2013b\bin\win64\libmwompwrapper.dll
0x000000006ced0000 - 0x000000006cf4f000 	C:\Program Files\MATLAB\R2013b\bin\win64\libmwlapack.dll
0x000000006ceb0000 - 0x000000006ced0000 	C:\Program Files\MATLAB\R2013b\bin\win64\m_pcodeio.dll
0x000000006ce50000 - 0x000000006ceac000 	C:\Program Files\MATLAB\R2013b\bin\win64\m_ir.dll
0x0000000006b40000 - 0x00000000071f5000 	C:\Program Files\MATLAB\R2013b\bin\win64\m_parser.dll
0x000000006c780000 - 0x000000006c797000 	C:\Program Files\MATLAB\R2013b\bin\win64\ir_xfmr.dll
0x000000006c770000 - 0x000000006c780000 	C:\Program Files\MATLAB\R2013b\bin\win64\mtok.dll
0x000000006c740000 - 0x000000006c768000 	C:\Program Files\MATLAB\R2013b\bin\win64\m_pcodegen.dll
0x000007fef9780000 - 0x000007fef98a5000 	C:\windows\system32\dbghelp.dll
0x000000006c710000 - 0x000000006c73f000 	C:\Program Files\MATLAB\R2013b\bin\win64\libmwbridge.dll
0x000000006c650000 - 0x000000006c706000 	C:\Program Files\MATLAB\R2013b\bin\win64\udd.dll
0x0000000007200000 - 0x0000000007351000 	C:\Program Files\MATLAB\R2013b\bin\win64\libmwgui.dll
0x000000006c4d0000 - 0x000000006c4f8000 	C:\Program Files\MATLAB\R2013b\bin\win64\graphics_util.dll
0x0000000072740000 - 0x00000000727f8000 	C:\Program Files\MATLAB\R2013b\bin\win64\libtex_base.dll
0x000000006bac0000 - 0x000000006c426000 	C:\Program Files\MATLAB\R2013b\bin\win64\hg.dll
0x000000006ba60000 - 0x000000006babd000 	C:\Program Files\MATLAB\R2013b\bin\win64\libmat.dll
0x000000006b850000 - 0x000000006ba58000 	C:\Program Files\MATLAB\R2013b\bin\win64\hdf5dll.dll
0x000000006b780000 - 0x000000006b848000 	C:\Program Files\MATLAB\R2013b\bin\win64\jmi.dll
0x000000006b770000 - 0x000000006b77e000 	C:\Program Files\MATLAB\R2013b\bin\win64\nativejava_services.dll
0x0000000004120000 - 0x0000000004162000 	C:\Program Files\MATLAB\R2013b\bin\win64\libmwhardcopy.dll
0x000000006b6d0000 - 0x000000006b72e000 	C:\Program Files\MATLAB\R2013b\bin\win64\libuij.dll
0x000000006b490000 - 0x000000006b695000 	C:\Program Files\MATLAB\R2013b\bin\win64\hgdatatypes.dll
0x0000000007360000 - 0x0000000007472000 	C:\Program Files\MATLAB\R2013b\bin\win64\hgutils.dll
0x000000006b2f0000 - 0x000000006b39e000 	C:\Program Files\MATLAB\R2013b\bin\win64\udd_mi.dll
0x000000006b2b0000 - 0x000000006b2e6000 	C:\Program Files\MATLAB\R2013b\bin\win64\libmwgbtutils.dll
0x000000006b290000 - 0x000000006b2a3000 	C:\Program Files\MATLAB\R2013b\bin\win64\libmwgbt.dll
0x000000006afc0000 - 0x000000006b28f000 	C:\Program Files\MATLAB\R2013b\bin\win64\uiw.dll
0x000000006afb0000 - 0x000000006afb9000 	C:\Program Files\MATLAB\R2013b\bin\win64\uinone.dll
0x000000006af80000 - 0x000000006afac000 	C:\Program Files\MATLAB\R2013b\bin\win64\libmwnativedialogs.dll
0x000000006af70000 - 0x000000006af7c000 	C:\Program Files\MATLAB\R2013b\bin\win64\libmwplatform_res.dll
0x000007fef98b0000 - 0x000007fef98c8000 	C:\windows\system32\MPR.dll
0x0000000070b50000 - 0x00000000710ad000 	C:\Program Files\MATLAB\R2013b\bin\win64\mfc100.dll
0x000007feface0000 - 0x000007feface7000 	C:\windows\system32\MSIMG32.dll
0x000007fef9d40000 - 0x000007fef9db1000 	C:\windows\system32\WINSPOOL.DRV
0x000000006af50000 - 0x000000006af6d000 	C:\Program Files\MATLAB\R2013b\bin\win64\mwoles05.DLL
0x000000006aee0000 - 0x000000006af4c000 	C:\Program Files\MATLAB\R2013b\bin\win64\comcli.dll
0x0000000072a40000 - 0x0000000072a6b000 	C:\Program Files\MATLAB\R2013b\bin\win64\ATL100.DLL
0x000000006aed0000 - 0x000000006aedc000 	C:\Program Files\MATLAB\R2013b\bin\win64\mlautoregister.dll
0x0000000007480000 - 0x00000000075ef000 	C:\Program Files\MATLAB\R2013b\bin\win64\mvm.dll
0x000007feff990000 - 0x000007feff9be000 	C:\windows\system32\IMM32.DLL
0x000007feffb00000 - 0x000007feffc09000 	C:\windows\system32\MSCTF.dll
0x000007fefbf70000 - 0x000007fefbfc6000 	C:\windows\system32\UxTheme.dll
0x000007fefba20000 - 0x000007fefba38000 	C:\windows\system32\dwmapi.dll

VM Arguments:
jvm_args: -XX:PermSize=32m -Xms64m -XX:NewRatio=3 -XX:MaxPermSize=128m -Xmx384m -XX:MaxDirectMemorySize=2147400000 -Dsun.java2d.noddraw=true -Dsun.awt.nopixfmt=true -Xshare:off -Xrs -XX:-UseSplitVerifier -Djava.library.path=C:\Program Files\MATLAB\R2013b\bin\win64;C:\Program Files\MATLAB\R2013b\sys\jxbrowser\win64\lib vfprintf abort -Duser.language=sv -Duser.country=SE 
java_command: <unknown>
Launcher Type: generic

Environment Variables:
CLASSPATH=.;C:\Program Files (x86)\QuickTime\QTSystem\QTJava.zip
PATH=C:\Program Files\MATLAB\R2013b\bin\win64;C:\windows\system32;C:\windows;C:\windows\System32\Wbem;C:\windows\System32\WindowsPowerShell\v1.0\;C:\windows\System32\WindowsPowerShell\v1.0\;C:\Program Files (x86)\QuickTime\QTSystem\;C:\Program Files\Microsoft\Web Platform Installer\;C:\Program Files (x86)\Microsoft ASP.NET\ASP.NET Web Pages\v1.0\;C:\Program Files (x86)\Windows Kits\8.0\Windows Performance Toolkit\;C:\Program Files\Microsoft SQL Server\110\Tools\Binn\;C:\Program Files\MATLAB\R2013b\runtime\win64;C:\Program Files\MATLAB\R2013b\bin
USERNAME=yinma12
OS=Windows_NT
PROCESSOR_IDENTIFIER=Intel64 Family 6 Model 58 Stepping 9, GenuineIntel



---------------  S Y S T E M  ---------------

OS: Windows 7 , 64 bit Build 7601 Service Pack 1

CPU:total 4 (4 cores per cpu, 1 threads per core) family 6 model 58 stepping 9, cmov, cx8, fxsr, mmx, sse, sse2, sse3, ssse3, sse4.1, sse4.2, popcnt, avx, tsc, tscinvbit, tscinv

Memory: 4k page, physical 8272432k(4977944k free), swap 16543004k(13256828k free)

vm_info: Java HotSpot(TM) 64-Bit Server VM (23.6-b04) for windows-amd64 JRE (1.7.0_11-b21), built on Jan 12 2013 02:38:42 by "java_re" with unknown MS VC++:1600

time: Tue Dec 30 17:16:40 2014
elapsed time: 7419 seconds

